<?xml version="1.0" encoding="UTF-8"?>
<!-- Generated by org.testng.reporters.JUnitReportReporter -->
<testsuite hostname="DESKTOP-06RSG33" failures="0" tests="4" name="Day1.HTTPSRequests" time="3.978" errors="0" timestamp="2023-10-08T17:49:21 BST" skipped="0">
  <testcase classname="Day1.HTTPSRequests" name="getUsers" time="3.096"/>
  <system-out/>
  <testcase classname="Day1.HTTPSRequests" name="CreatUser" time="0.580"/>
  <system-out/>
  <testcase classname="Day1.HTTPSRequests" name="updateUser" time="0.161"/>
  <system-out/>
  <testcase classname="Day1.HTTPSRequests" name="deleteUser" time="0.141"/>
  <system-out/>
</testsuite> <!-- Day1.HTTPSRequests -->
