<?xml version="1.0" encoding="UTF-8"?>
<!-- Generated by org.testng.reporters.JUnitReportReporter -->
<testsuite hostname="DESKTOP-06RSG33" failures="0" tests="1" name="Day2.differentWaysPostmethods" time="3.176" errors="0" timestamp="2023-10-08T19:10:20 BST" skipped="0">
  <testcase classname="Day2.differentWaysPostmethods" name="jsonWaytoSendPostrequest" time="3.176"/>
  <system-out/>
</testsuite> <!-- Day2.differentWaysPostmethods -->
